<?xml version="1.0" encoding="UTF-8"?>
<testng-results ignored="0" total="1" passed="1" failed="0" skipped="0">
  <reporter-output>
  </reporter-output>
  <suite started-at="2023-07-24T14:11:55 IST" name="Default suite" finished-at="2023-07-24T14:12:17 IST" duration-ms="22065">
    <groups>
    </groups>
    <test started-at="2023-07-24T14:11:55 IST" name="Default test" finished-at="2023-07-24T14:12:17 IST" duration-ms="22065">
      <class name="api.APITest">
        <test-method is-config="true" signature="startServer()[pri:0, instance:api.APITest@6404f418]" started-at="2023-07-24T14:11:55 IST" name="startServer" finished-at="2023-07-24T14:11:56 IST" duration-ms="1743" status="PASS">
          <reporter-output>
          </reporter-output>
        </test-method> <!-- startServer -->
        <test-method signature="createTest()[pri:0, instance:api.APITest@6404f418]" started-at="2023-07-24T14:11:56 IST" name="createTest" finished-at="2023-07-24T14:12:17 IST" duration-ms="20278" status="PASS">
          <reporter-output>
          </reporter-output>
        </test-method> <!-- createTest -->
        <test-method is-config="true" signature="tearDown()[pri:0, instance:api.APITest@6404f418]" started-at="2023-07-24T14:12:17 IST" name="tearDown" finished-at="2023-07-24T14:12:17 IST" duration-ms="0" status="PASS">
          <reporter-output>
          </reporter-output>
        </test-method> <!-- tearDown -->
      </class> <!-- api.APITest -->
    </test> <!-- Default test -->
  </suite> <!-- Default suite -->
</testng-results>
